<?xml version="1.0" encoding="UTF-8"?>
<!-- Generated by org.testng.reporters.JUnitReportReporter -->
<testsuite hostname="DESKTOP-C9T0B5A" failures="0" tests="1" name="parkIQ.testCases.TC_SuperUser_004" time="39.797" errors="0" timestamp="08 Jul 2021 23:10:24 GMT" skipped="0">
  <testcase classname="parkIQ.testCases.TC_SuperUser_004" name="assignRoleAndPermission" time="39.797"/>
</testsuite> <!-- parkIQ.testCases.TC_SuperUser_004 -->
